TN:
SF:src/presentation/controllers/signup.ts
FN:7,handle
FNF:1
FNH:1
FNDA:4,handle
DA:1,1
DA:2,1
DA:3,1
DA:4,1
DA:5,1
DA:6,1
DA:7,1
DA:8,4
DA:9,4
DA:10,4
DA:11,4
DA:12,4
DA:13,4
DA:14,4
DA:15,10
DA:16,10
DA:17,4
DA:18,4
DA:19,10
DA:20,0
DA:21,0
DA:22,0
DA:23,0
DA:24,0
DA:25,0
DA:26,1
LF:26
LH:20
BRDA:7,0,0,4
BRDA:14,1,0,10
BRDA:16,2,0,4
BRDA:20,3,0,0
BRF:4
BRH:3
end_of_record
TN:
SF:src/presentation/erros/missing-params-error.ts
FN:2,MissingParamError
FNF:1
FNH:1
FNDA:8,MissingParamError
DA:1,1
DA:2,1
DA:3,8
DA:4,8
DA:5,8
DA:6,1
LF:6
LH:6
BRDA:2,0,0,8
BRF:1
BRH:1
end_of_record
