TN:
SF:src/presentation/controllers/signup/signup.ts
FN:12,SignUpController
FN:17,handle
FNF:2
FNH:2
FNDA:11,SignUpController
FNDA:11,handle
DA:1,1
DA:2,1
DA:3,1
DA:4,1
DA:5,1
DA:6,1
DA:7,1
DA:8,1
DA:9,1
DA:10,1
DA:11,1
DA:12,1
DA:13,11
DA:14,11
DA:15,11
DA:16,1
DA:17,1
DA:18,11
DA:19,11
DA:20,11
DA:21,11
DA:22,11
DA:23,11
DA:24,11
DA:25,11
DA:26,38
DA:27,38
DA:28,4
DA:29,4
DA:30,38
DA:31,7
DA:32,7
DA:33,11
DA:34,1
DA:35,1
DA:36,6
DA:37,11
DA:38,1
DA:39,1
DA:40,4
DA:41,4
DA:42,4
DA:43,4
DA:44,4
DA:45,4
DA:46,3
DA:47,3
DA:48,11
DA:49,2
DA:50,2
DA:51,11
DA:52,1
LF:52
LH:52
BRDA:12,0,0,11
BRDA:17,1,0,11
BRDA:25,2,0,38
BRDA:27,3,0,4
BRDA:31,4,0,7
BRDA:33,5,0,1
BRDA:36,6,0,6
BRDA:37,7,0,1
BRDA:40,8,0,4
BRDA:46,9,0,3
BRDA:48,10,0,2
BRF:11
BRH:11
end_of_record
TN:
SF:src/presentation/errors/index.ts
FNF:0
FNH:0
DA:1,1
DA:2,1
DA:3,1
LF:3
LH:3
BRF:0
BRH:0
end_of_record
TN:
SF:src/presentation/errors/invalid-param-error.ts
FN:2,InvalidParamError
FNF:1
FNH:1
FNDA:4,InvalidParamError
DA:1,1
DA:2,1
DA:3,4
DA:4,4
DA:5,4
DA:6,1
LF:6
LH:6
BRDA:2,0,0,4
BRF:1
BRH:1
end_of_record
TN:
SF:src/presentation/errors/missing-params-error.ts
FN:2,MissingParamError
FNF:1
FNH:1
FNDA:8,MissingParamError
DA:1,1
DA:2,1
DA:3,8
DA:4,8
DA:5,8
DA:6,1
LF:6
LH:6
BRDA:2,0,0,8
BRF:1
BRH:1
end_of_record
TN:
SF:src/presentation/errors/server-error.ts
FN:2,ServerError
FNF:1
FNH:1
FNDA:4,ServerError
DA:1,1
DA:2,1
DA:3,4
DA:4,4
DA:5,4
DA:6,1
LF:6
LH:6
BRDA:2,0,0,4
BRF:1
BRH:1
end_of_record
TN:
SF:src/presentation/helpers/http-helper.ts
FN:4,badRequest
FN:9,serverError
FN:14,ok
FNF:3
FNH:3
FNDA:6,badRequest
FNDA:2,serverError
FNDA:3,ok
DA:1,1
DA:2,1
DA:3,1
DA:4,1
DA:5,6
DA:6,6
DA:7,1
DA:8,1
DA:9,1
DA:10,2
DA:11,2
DA:12,1
DA:13,1
DA:14,1
DA:15,3
DA:16,3
DA:17,1
LF:17
LH:17
BRDA:4,0,0,6
BRDA:9,1,0,2
BRDA:14,2,0,3
BRF:3
BRH:3
end_of_record
TN:
SF:src/utils/email-validator.ts
FN:6,isValid
FNF:1
FNH:1
FNDA:2,isValid
DA:1,1
DA:2,1
DA:3,1
DA:4,1
DA:5,1
DA:6,1
DA:7,2
DA:8,2
DA:9,1
LF:9
LH:9
BRDA:6,0,0,2
BRF:1
BRH:1
end_of_record
